
Begin at 2022-11-22 04:43:09.356916.
mute: False
nGenesPerPool: 8
nGensPerPool: 5
nSurvivedMax: 2
nWorkers: 8
plot: True
saveHistory: True
i          address         score                                    R          CD        
0          0x7f93713d0e90> [-0.0168073   0.99837761  0.74536033 -0.55329001] 0          inf       
1          0x7f93713d0dd0> [ 0.21841007  0.5286088  -0.3614131  -0.60600513] 1          inf       
iPool 0
iGen: 0
i          address         score                                    R          CD        
0          0x7f93713d0e90> [-0.0168073   0.99837761  0.74536033 -0.55329001] 0          inf       
1          0x7f93713dc390> [ 0.2379313   0.72957294 -0.54330372 -0.65812241] 0          0.5485583132520817
tAvg: 133.22
iGen: 1
i          address         score                                    R          CD        
0          0x7f93713d0e90> [-0.0168073   0.99837761  0.74536033 -0.55329001] 0          inf       
1          0x7f93713dc390> [ 0.2379313   0.72957294 -0.54330372 -0.65812241] 0          inf       
tAvg: 135.72
iGen: 2
