
Begin at 2022-11-21 20:32:41.443085.
mute: False
nGenesPerPool: 8
nGensPerPool: 5
nSurvivedMax: 2
nWorkers: 8
plot: True
saveHistory: True
i          address         score                                    R          CD        
0          0x7ff568f9f090> [ 0.02373826  0.42277732  0.26685331 -0.58080174] 0          0.33350917765929455
1          0x7ff568fa9510> [ 0.12758572  0.99643627  0.39858711 -0.65308754] 0          inf       
iPool 0
iGen: 0
i          address         score                                    R          CD        
0          0x7ff568fa9810> [ 0.0706847   0.66918516  0.10798111 -0.56248548] 0          0.29727235705115296
1          0x7ff568fa9ad0> [ 0.20590702  0.99791805 -0.27268455 -0.58829557] 0          0.5613242796533737
iGen: 1

Begin at 2022-11-21 20:40:37.633515.
mute: False
nGenesPerPool: 8
nGensPerPool: 5
nSurvivedMax: 2
nWorkers: 8
plot: True
saveHistory: True
i          address         score                                    R          CD        
0          0x7ff5080c1d50> [ 0.08923256  0.56080288  0.03086466 -0.55328982] 0          inf       
1          0x7ff508041210> [-0.12486954  0.99999999  0.36353248 -0.61604375] 2          inf       
iPool 0
iGen: 0
i          address         score                                    R          CD        
0          0x7ff5080c1d50> [ 0.08923256  0.56080288  0.03086466 -0.55328982] 0          inf       
1          0x7ff5080bcb50> [-0.0544605   0.98157683 -0.43884777 -0.55328982] 2          inf       
tAvg: 150.46
iGen: 1
i          address         score                                    R          CD        
0          0x7ff5080bcb50> [-0.0544605   0.98157683 -0.43884777 -0.55328982] 1          inf       
1          0x7ff5685a4710> [-0.07903283  0.98748305 -0.38266386 -0.55328982] 0          inf       
tAvg: 155.36
iGen: 2
i          address         score                                    R          CD        
0          0x7ff5080bc910> [-0.12680099  0.99932159 -0.42549491 -0.55328982] 0          0.4618264268741679
1          0x7ff5080c1d50> [-0.02758518  0.99641183 -0.47731329 -0.55328982] 1          0.18310933248285793
tAvg: 157.09
iGen: 3
i          address         score                                    R          CD        
0          0x7ff5080c52d0> [-0.00891489  0.96076684  0.37556018 -0.55329782] 1          0.4118104854357054
1          0x7ff5080c5190> [-0.0886837   0.99999995  0.03685638 -0.55328982] 0          0.1545200275770639
tAvg: 156.51
iGen: 4
i          address         score                                    R          CD        
0          0x7ff5080c52d0> [-0.00891489  0.96076684  0.37556018 -0.55329782] 0          inf       
1          0x7ff5080c5190> [-0.0886837   0.99999995  0.03685638 -0.55328982] 0          inf       
iPool 1
iGen: 0
i          address         score                                    R          CD        
0          0x7ff548f6ae50> [ 0.05563426  0.99995879 -0.28395338 -0.56495797] 0          0.1791869241424306
1          0x7ff548f6ac10> [ 0.03957227  0.9992648   0.21787319 -0.55329782] 1          inf       
tAvg: 985.69
iGen: 1
i          address         score                                    R          CD        
0          0x7ff548f6ae50> [ 0.05563426  0.99995879 -0.28395338 -0.56495797] 0          inf       
1          0x7ff5080c5150> [ 0.08947243  0.99450494 -0.31841046 -0.56496008] 0          0.4119563507572892
tAvg: 570.67
iGen: 2
i          address         score                                    R          CD        
0          0x7ff548f6ae50> [ 0.05563426  0.99995879 -0.28395338 -0.56495797] 0          inf       
1          0x7ff548f6a950> [ 0.11352527  0.99107237 -0.28857984 -0.56494826] 1          inf       
tAvg: 430.69
iGen: 3
i          address         score                                    R          CD        
0          0x7ff548f6a950> [ 0.11352527  0.99107237 -0.28857984 -0.56494826] 0          0.1402079076855585
1          0x7ff5080b6490> [ 0.05139967  0.99896311 -0.05228722 -0.56495847] 0          inf       
tAvg: 360.69
iGen: 4
i          address         score                                    R          CD        
0          0x7ff548f87f50> [ 0.07528149  0.97341295 -0.05235945 -0.56521224] 0          0.26095006413187466
1          0x7ff548f92210> [ 0.05493387  0.99944135 -0.06762117 -0.56495988] 0          0.10656720964095054
iPool 2
iGen: 0
i          address         score                                    R          CD        
0          0x7ff548f6a890> [-0.0445378   0.99679141  0.29528254 -0.56618738] 2          0.2904688429851424
1          0x7ff548f84950> [ 0.09685391  0.99947533  0.24127208 -0.55328982] 3          inf       
tAvg: 1777.26
iGen: 1
i          address         score                                    R          CD        
0          0x7ff548f84950> [ 0.09685391  0.99947533  0.24127208 -0.55328982] 1          inf       
1          0x7ff548f87ed0> [-0.01092601  0.9984821   0.38363645 -0.56618637] 0          inf       
tAvg: 964.92
iGen: 2
i          address         score                                    R          CD        
0          0x7ff548f80c50> [-0.00434665  0.98800812  0.2758     -0.56618727] 0          0.415719729107096
1          0x7ff548fa0cd0> [-0.03572954  0.99701764  0.51626644 -0.56520769] 0          0.13650194382469816
tAvg: 695.67
iGen: 3
i          address         score                                    R          CD        
0          0x7ff548fa0e50> [-0.04914466  0.99954871  0.64061778 -0.56489418] 0          0.4240442678092739
1          0x7ff548fa5390> [-0.0494078   0.88202703 -0.0856614  -0.563219  ] 0          0.1718382139773426
tAvg: 554.02
iGen: 4
i          address         score                                    R          CD        
0          0x7ff548fa07d0> [ 0.03290942  0.9998885   0.66901189 -0.56528094] 0          0.1458335651737865
1          0x7ff548fa58d0> [ 0.00216056  0.9777357   0.33340258 -0.55330582] 1          inf       
iPool 3
iGen: 0
i          address         score                                    R          CD        
0          0x7ff548f6ac50> [ 0.17542612  0.88506926  0.24111001 -0.57825016] 0          0.19977519543766936
1          0x7ff529f50a50> [-0.07728855  0.9997867   0.64904458 -0.56258693] 0          inf       
tAvg: 2534.85
iGen: 1
i          address         score                                    R          CD        
0          0x7ff548f6ac50> [ 0.17542612  0.88506926  0.24111001 -0.57825016] 0          inf       
1          0x7ff529f50a50> [-0.07728855  0.9997867   0.64904458 -0.56258693] 0          inf       
tAvg: 1338.56
iGen: 2
i          address         score                                    R          CD        
0          0x7ff548f6ac50> [ 0.17542612  0.88506926  0.24111001 -0.57825016] 0          inf       
1          0x7ff548f86c90> [-0.06789045  0.99997461  0.66697542 -0.56258693] 1          inf       
tAvg: 942.26
iGen: 3

Begin at 2022-11-22 03:54:26.133749.
mute: False
nGenesPerPool: 8
nGensPerPool: 5
nSurvivedMax: 2
nWorkers: 8
plot: True
saveHistory: True
i          address         score                                    R          CD        
0          0x7ff5080b6a10> [ 0.02735112  0.98939853 -0.89255553 -0.86547219 -0.11129394] 0          inf       
1          0x7ff56861d6d0> [ 0.11222457 -0.87993595  0.49210884 -0.56020548 -0.09680909] 1          0.5491517519346948
iPool 0
iGen: 0
i          address         score                                    R          CD        
0          0x7ff56861d6d0> [ 0.11222457 -0.87993595  0.49210884 -0.56020548 -0.09680909] 0          0.21439817684900436
1          0x7ff548766210> [ 0.02381005  0.99964155 -0.73981603 -0.88151205 -0.109604  ] 0          inf       
tAvg: 335.72
iGen: 1
i          address         score                                    R          CD        
0          0x7ff548766210> [ 0.02381005  0.99964155 -0.73981603 -0.88151205 -0.109604  ] 0          0.4227257778359671
1          0x7ff548f9b710> [ 0.12257945 -0.89441744  0.03781761 -0.56311328 -0.07243888] 0          inf       
tAvg: 336.06
iGen: 2

Begin at 2022-11-22 04:42:04.985339.
mute: False
nGenesPerPool: 8
nGensPerPool: 5
nSurvivedMax: 2
nWorkers: 8
plot: True
saveHistory: True
