
Begin at 2022-11-14 18:11:37.532346.
mute: False
nGenesPerPool: 8
nGensPerPool: 5
nSurvivedMax: 2
nWorkers: 8
plot: True
saveHistory: True

Begin at 2022-11-14 18:12:08.305610.
mute: False
nGenesPerPool: 8
nGensPerPool: 5
nSurvivedMax: 2
nWorkers: 8
plot: True
saveHistory: True

Begin at 2022-11-14 18:12:18.861960.
mute: False
nGenesPerPool: 8
nGensPerPool: 5
nSurvivedMax: 2
nWorkers: 8
plot: True
saveHistory: True

Begin at 2022-11-14 18:12:52.645085.
mute: False
nGenesPerPool: 8
nGensPerPool: 5
nSurvivedMax: 2
nWorkers: 8
plot: True
saveHistory: True
