
Begin at 2022-06-02 22:45:31.539089.
mute: False
nGenesPerPool: 8
nGensPerPool: 5
nSurvivedMax: 4
nWorkers: 8
plot: True
saveHistory: True
i          address         score                                    R          CD        
0          0x7f8bc80a3c90> [ 1.52391878e+01 -3.80425685e-03  9.99998022e-01 -6.08792780e+00] 0          0.22589138666561556
1          0x7f8bc80a3310> [11.55239492  0.99120082  0.92567857 -6.10352649] 0          inf       
2          0x7f8bc808e950> [14.16058067  0.92097047 -0.94784134 -5.53301177] 0          inf       
3          0x7f8c08980f90> [ 0.99528823  0.99999946  0.36023317 -5.53288694] 0          inf       
i          address         score                                    R          CD        
0          0x7f8bc80b0810> [ 0.64591839  0.99675076  0.89409924 -5.53288694] 0          inf       
1          0x7f8bc80b0c90> [16.67130397  0.2440136   0.94231255 -6.07738923] 0          inf       
2          0x7f8bc808e8d0> [10.06930319 -0.52662518  0.99654231 -6.08263116] 0          inf       
3          0x7f8c08980f90> [ 0.99528823  0.99999946  0.36023317 -5.53288694] 0          inf       
i          address         score                                    R          CD        
0          0x7f8bc80b0410> [ 2.54417716  0.99085591  0.25707365 -5.53288694] 0          inf       
1          0x7f8bc808eb10> [10.06930319 -0.52662518  0.99654231 -6.08263116] 0          0.39390489720570115
2          0x7f8bc808ead0> [17.53230135  0.9660653   0.71435679 -6.07308862] 0          inf       
3          0x7f8c08980f90> [ 0.99528823  0.99999946  0.36023317 -5.53288694] 0          inf       
i          address         score                                    R          CD        
0          0x7f8bc80b0050> [ 2.44057363  0.97395411  0.91641186 -5.53288694] 0          inf       
1          0x7f8bc808eed0> [17.53230135  0.9660653   0.78598641 -6.07308862] 0          inf       
2          0x7f8c08980f90> [ 0.99528823  0.99999946  0.36023317 -5.53288694] 1          inf       
3          0x7f8bc808eb10> [10.06930319 -0.52662518  0.99654231 -6.08263116] 0          0.6300166020171665
i          address         score                                    R          CD        
0          0x7f8bc80a3b50> [10.19604594 -0.56347377  0.85550487 -6.41669576] 0          0.29418605335410986
1          0x7f8bc808e990> [ 2.3145444   0.99881946 -0.02315851 -5.53288694] 0          inf       
2          0x7f8bc808eb10> [10.06930319 -0.52662518  0.99654231 -6.08263116] 0          inf       
3          0x7f8c08980f90> [ 0.99528823  0.99999946  0.36023317 -5.53288694] 0          inf       
