
Begin at 2022-11-13 02:23:44.672701.
mute: False
nGenesPerPool: 8
nGensPerPool: 5
nSurvivedMax: 2
nWorkers: 8
plot: True
saveHistory: True
i          address         score                                    R          CD        
0          0x7fdb59042210> [-1.03472967  0.99862032  0.74382848 -7.42380663] 0          inf       
1          0x7fdb59039e90> [ 0.68881232  0.90246922 -0.01267881 -8.96995333] 0          0.34820444894771474
i          address         score                                    R          CD        
0          0x7fdb488407d0> [-4.401174    0.9997326   0.73833983 -7.89596417] 0          0.16820906988598083
1          0x7fdb590428d0> [-1.49190985  0.99999303 -0.01868927 -7.4041889 ] 1          0.26832551363901325
i          address         score                                    R          CD        
0          0x7fdb590428d0> [-1.49190985  0.99999303 -0.01868927 -7.4041889 ] 0          0.23513755050967405
1          0x7fdb59039e90> [  1.39443948   0.98525573  -0.24837616 -10.00809979] 0          inf       
i          address         score                                    R          CD        
0          0x7fdb590428d0> [-1.49190985  0.99999303 -0.01868927 -7.4041889 ] 0          inf       
1          0x7fdb59039e90> [  1.39443948   0.98525573  -0.24837616 -10.00809979] 0          inf       
i          address         score                                    R          CD        
0          0x7fdb590428d0> [-1.49190985  0.99999303 -0.01868927 -7.4041889 ] 0          inf       
1          0x7fdb68ddccd0> [-2.07936834  0.96011276  0.25003896 -8.47058393] 1          inf       
i          address         score                                    R          CD        
0          0x7fdb590428d0> [-1.49190985  0.99999303 -0.01868927 -7.4041889 ] 0          inf       
1          0x7fdb68ddccd0> [-2.07936834  0.96011276  0.25003896 -8.47058393] 0          inf       
