
Begin at 2022-11-14 16:59:01.928588.
mute: False
nGenesPerPool: 8
nGensPerPool: 5
nSurvivedMax: 2
nWorkers: 8
plot: True
saveHistory: True

Begin at 2022-11-14 16:59:54.750547.
mute: False
nGenesPerPool: 8
nGensPerPool: 5
nSurvivedMax: 2
nWorkers: 8
plot: True
saveHistory: True

Begin at 2022-11-14 17:00:07.742565.
mute: False
nGenesPerPool: 8
nGensPerPool: 5
nSurvivedMax: 2
nWorkers: 8
plot: True
saveHistory: True

Begin at 2022-11-14 17:00:44.551471.
mute: False
nGenesPerPool: 8
nGensPerPool: 5
nSurvivedMax: 2
nWorkers: 8
plot: True
saveHistory: True

Begin at 2022-11-14 18:02:01.462854.
mute: False
nGenesPerPool: 8
nGensPerPool: 5
nSurvivedMax: 2
nWorkers: 8
plot: True
saveHistory: True

Begin at 2022-11-14 18:02:09.828428.
mute: False
nGenesPerPool: 8
nGensPerPool: 5
nSurvivedMax: 2
nWorkers: 8
plot: True
saveHistory: True
